finished/build/intermediates/manifest_merge_blame_file/debug/manifest-merger-blame-debug-report.txt
1<?xml version="1.0" encoding="utf-8"?>
2<!--
3  ~ Copyright 2021 The Android Open Source Project
4  ~
5  ~ Licensed under the Apache License, Version 2.0 (the "License");
6  ~ you may not use this file except in compliance with the License.
7  ~ You may obtain a copy of the License at
8  ~
9  ~     https://www.apache.org/licenses/LICENSE-2.0
10  ~
11  ~ Unless required by applicable law or agreed to in writing, software
12  ~ distributed under the License is distributed on an "AS IS" BASIS,
13  ~ WITHOUT WARRANTIES OR CONDITIONS OF ANY KIND, either express or implied.
14  ~ See the License for the specific language governing permissions and
15  ~ limitations under the License.
16-->
17<manifest xmlns:android="http://schemas.android.com/apk/res/android"
18    package="com.example.wear.tiles"
19    android:versionCode="1"
20    android:versionName="1.0" >
21
22    <uses-sdk
23        android:minSdkVersion="26"
24        android:targetSdkVersion="30" />
25
26    <uses-feature android:name="android.hardware.type.watch" />
26-->src/main/AndroidManifest.xml:20:5-64
26-->src/main/AndroidManifest.xml:20:19-61
27
28    <application
28-->src/main/AndroidManifest.xml:23:5-50:19
29        android:allowBackup="false"
29-->src/main/AndroidManifest.xml:24:9-36
30        android:appComponentFactory="androidx.core.app.CoreComponentFactory"
30-->[androidx.core:core:1.5.0] AndroidManifest.xml:24:18-86
31        android:debuggable="true"
32        android:extractNativeLibs="false"
33        android:label="@string/app_name"
33-->src/main/AndroidManifest.xml:25:9-41
34        android:supportsRtl="true"
34-->src/main/AndroidManifest.xml:26:9-35
35        android:testOnly="true"
36        android:theme="@android:style/Theme.DeviceDefault" >
36-->src/main/AndroidManifest.xml:27:9-59
37        <activity
37-->src/debug/AndroidManifest.xml:23:9-31:20
38            android:name="com.example.wear.tiles.TilePreviewActivity"
38-->src/debug/AndroidManifest.xml:24:13-48
39            android:label="@string/app_name" >
39-->src/debug/AndroidManifest.xml:25:13-45
40            <intent-filter>
40-->src/debug/AndroidManifest.xml:26:13-30:29
41                <action android:name="android.intent.action.MAIN" />
41-->src/debug/AndroidManifest.xml:27:17-69
41-->src/debug/AndroidManifest.xml:27:25-66
42
43                <category android:name="android.intent.category.LAUNCHER" />
43-->src/debug/AndroidManifest.xml:29:17-77
43-->src/debug/AndroidManifest.xml:29:27-74
44            </intent-filter>
45        </activity>
46
47        <!-- The application can run without a paired phone app, so define as standalone. -->
48        <meta-data
48-->src/main/AndroidManifest.xml:30:9-32:36
49            android:name="com.google.android.wearable.standalone"
49-->src/main/AndroidManifest.xml:31:13-66
50            android:value="true" />
50-->src/main/AndroidManifest.xml:32:13-33
51
52        <service
52-->src/main/AndroidManifest.xml:34:9-49:19
53            android:name="com.example.wear.tiles.ArccosTileProviderService"
53-->src/main/AndroidManifest.xml:35:13-54
54            android:description="@string/tile_description"
54-->src/main/AndroidManifest.xml:37:13-59
55            android:icon="@drawable/ic_run"
55-->src/main/AndroidManifest.xml:38:13-44
56            android:label="@string/fitness_tile_label"
56-->src/main/AndroidManifest.xml:36:13-55
57            android:permission="com.google.android.wearable.permission.BIND_TILE_PROVIDER" >
57-->src/main/AndroidManifest.xml:39:13-91
58            <intent-filter>
58-->src/main/AndroidManifest.xml:41:13-43:29
59                <action android:name="androidx.wear.tiles.action.BIND_TILE_PROVIDER" />
59-->src/main/AndroidManifest.xml:42:17-88
59-->src/main/AndroidManifest.xml:42:25-85
60            </intent-filter>
61
62            <!-- The tile preview shown when configuring tiles on your phone -->
63            <meta-data
63-->src/main/AndroidManifest.xml:46:13-48:59
64                android:name="androidx.wear.tiles.PREVIEW"
64-->src/main/AndroidManifest.xml:47:17-59
65                android:resource="@drawable/tile_goals" />
65-->src/main/AndroidManifest.xml:48:17-56
66        </service>
67    </application>
68
69</manifest>